<?xml version="1.0" encoding="UTF-8"?>
<!-- Generated by org.testng.reporters.JUnitReportReporter -->
<testsuite hostname="DELL-C0HKRC2" failures="0" tests="5" name="pruebas.AlertTest" time="7.612" errors="0" timestamp="2021-09-13T20:58:59 ART" skipped="0">
  <testcase classname="pruebas.AlertTest" name="verAlerta3" time="0.168"/>
  <system-out/>
  <testcase classname="pruebas.AlertTest" name="verAlerta2" time="5.340"/>
  <system-out/>
  <testcase classname="pruebas.AlertTest" name="verAlerta3Cancelar" time="0.152"/>
  <system-out/>
  <testcase classname="pruebas.AlertTest" name="verAlerta4" time="0.258"/>
  <system-out/>
  <testcase classname="pruebas.AlertTest" name="verAlerta1" time="1.694"/>
  <system-out/>
</testsuite> <!-- pruebas.AlertTest -->
