<?xml version="1.0" encoding="UTF-8"?>
<!-- Generated by org.testng.reporters.JUnitReportReporter -->
<testsuite hostname="DELL-C0HKRC2" failures="0" tests="1" name="pruebas.Laboratorio4" time="0.000" errors="0" timestamp="2021-09-13T20:02:26 ART" skipped="1">
  <testcase classname="pruebas.Laboratorio4" name="login" time="0.000">
    <skipped/>
  </testcase> <!-- login -->
  <system-out/>
</testsuite> <!-- pruebas.Laboratorio4 -->
