<?xml version="1.0" encoding="UTF-8"?>
<!-- Generated by org.testng.reporters.JUnitReportReporter -->
<testsuite hostname="DELL-C0HKRC2" failures="0" tests="1" name="Edit.EducacionITLunes.AppTest" time="0.015" errors="0" timestamp="2021-09-06T20:37:08 ART" skipped="0">
  <testcase classname="Edit.EducacionITLunes.AppTest" name="imprimirHolaMundo" time="0.015"/>
  <system-out/>
</testsuite> <!-- Edit.EducacionITLunes.AppTest -->
