<?xml version="1.0" encoding="UTF-8"?>
<!-- Generated by org.testng.reporters.JUnitReportReporter -->
<testsuite hostname="DELL-C0HKRC2" failures="0" tests="3" name="Edit.EducacionITLunes.Laboratorio1" time="36.134" errors="0" timestamp="2021-09-06T20:37:08 ART" skipped="0">
  <testcase classname="Edit.EducacionITLunes.Laboratorio1" name="abrirPaginaChrome" time="9.917"/>
  <system-out/>
  <testcase classname="Edit.EducacionITLunes.Laboratorio1" name="abrirPaginaChromeIncognito" time="10.877"/>
  <system-out/>
  <testcase classname="Edit.EducacionITLunes.Laboratorio1" name="abrirPaginaFirefox" time="15.340"/>
  <system-out/>
</testsuite> <!-- Edit.EducacionITLunes.Laboratorio1 -->
